2018-08-08 20:21:52,683 INFO  [Log] **************************************************************************************** 
2018-08-08 20:21:52,685 INFO  [Log] **************************************************************************************** 
2018-08-08 20:21:52,685 INFO  [Log] $$$$$$$$$$$$$$$$$$$$$                 Framework_001       $$$$$$$$$$$$$$$$$$$$$$$$$ 
2018-08-08 20:21:52,685 INFO  [Log] **************************************************************************************** 
2018-08-08 20:21:52,685 INFO  [Log] **************************************************************************************** 
2018-08-08 20:23:13,679 INFO  [Log] **************************************************************************************** 
2018-08-08 20:23:13,679 INFO  [Log] **************************************************************************************** 
2018-08-08 20:23:13,679 INFO  [Log] $$$$$$$$$$$$$$$$$$$$$                 Framework_001       $$$$$$$$$$$$$$$$$$$$$$$$$ 
2018-08-08 20:23:13,679 INFO  [Log] **************************************************************************************** 
2018-08-08 20:23:13,679 INFO  [Log] **************************************************************************************** 
2018-08-08 20:23:14,311 INFO  [Log] Excel sheet opened 
2018-08-08 20:23:14,311 INFO  [Log] Total number of Row used return as < 2 >. 
2018-08-08 20:24:03,643 ERROR [Log] Class Utils | Method OpenBrowser | Exception desc : Failed to connect to binary FirefoxBinary(C:\Program Files\Mozilla Firefox\firefox.exe) on port 7055; process output follows: 
ots@mozilla.org.xpi
1533774198273	addons.xpi	DEBUG	Calling bootstrap method startup on screenshots@mozilla.org version 32.1.0
1533774198273	addons.xpi	DEBUG	Registering manifest for C:\Program Files\Mozilla Firefox\browser\features\webcompat-reporter@mozilla.org.xpi
1533774198274	addons.xpi	DEBUG	Calling bootstrap method startup on webcompat-reporter@mozilla.org version 1.0.0
1533774198274	addons.xpi	DEBUG	Registering manifest for C:\Program Files\Mozilla Firefox\browser\features\webcompat@mozilla.org.xpi
1533774198275	addons.xpi	DEBUG	Calling bootstrap method startup on webcompat@mozilla.org version 2.0
1533774198277	addons.manager	DEBUG	Registering shutdown blocker for XPIProvider
1533774198277	addons.manager	DEBUG	Provider finished startup: XPIProvider
1533774198277	addons.manager	DEBUG	Starting provider: LightweightThemeManager
1533774198277	addons.manager	DEBUG	Registering shutdown blocker for LightweightThemeManager
1533774198278	addons.manager	DEBUG	Provider finished startup: LightweightThemeManager
1533774198278	addons.manager	DEBUG	Starting provider: GMPProvider
1533774198280	addons.manager	DEBUG	Registering shutdown blocker for GMPProvider
1533774198280	addons.manager	DEBUG	Provider finished startup: GMPProvider
1533774198280	addons.manager	DEBUG	Starting provider: PluginProvider
1533774198280	addons.manager	DEBUG	Registering shutdown blocker for PluginProvider
1533774198281	addons.manager	DEBUG	Provider finished startup: PluginProvider
1533774198282	addons.manager	DEBUG	Completed startup sequence
Unable to read VR Path Registry from C:\Users\Chandra.Gowlikar\AppData\Local\openvr\openvrpaths.vrpath
Unable to read VR Path Registry from C:\Users\Chandra.Gowlikar\AppData\Local\openvr\openvrpaths.vrpath
Unable to read VR Path Registry from C:\Users\Chandra.Gowlikar\AppData\Local\openvr\openvrpaths.vrpath
1533774200540	addons.repository	DEBUG	No addons.json found.
Unable to read VR Path Registry from C:\Users\Chandra.Gowlikar\AppData\Local\openvr\openvrpaths.vrpath
Unable to read VR Path Registry from C:\Users\Chandra.Gowlikar\AppData\Local\openvr\openvrpaths.vrpath
1533774202286	addons.xpi	DEBUG	Ignoring file entry whose name is not a valid add-on ID: C:\Users\Chandra.Gowlikar\AppData\Local\Temp\anonymous4659473146935520667webdriver-profile\extensions\webdriver-staging
1533774202287	addons.xpi	DEBUG	Existing add-on activity-stream@mozilla.org in app-system-defaults
1533774202288	addons.xpi	DEBUG	Existing add-on aushelper@mozilla.org in app-system-defaults
1533774202288	addons.xpi	DEBUG	Existing add-on firefox@getpocket.com in app-system-defaults
1533774202289	addons.xpi	DEBUG	Existing add-on followonsearch@mozilla.com in app-system-defaults
1533774202289	addons.xpi	DEBUG	Existing add-on formautofill@mozilla.org in app-system-defaults
1533774202289	addons.xpi	DEBUG	Existing add-on onboarding@mozilla.org in app-system-defaults
1533774202290	addons.xpi	DEBUG	Existing add-on screenshots@mozilla.org in app-system-defaults
1533774202290	addons.xpi	DEBUG	Existing add-on webcompat-reporter@mozilla.org in app-system-defaults
1533774202291	addons.xpi	DEBUG	Existing add-on webcompat@mozilla.org in app-system-defaults
1533774202292	addons.xpi	DEBUG	getInstallState changed: false, state: {}
JavaScript error: resource://gre/modules/addons/XPIProvider.jsm, line 2189: TypeError: addon is null
1533774220908	addons.productaddons	INFO	sending request to: https://aus5.mozilla.org/update/3/GMP/61.0.1/20180704003137/WINNT_x86_64-msvc-x64/en-US/release/Windows_NT%2010.0.0.0.17134.165%20(x64)/default/default/update.xml
1533774221366	addons.productaddons	INFO	Completed downloading document
1533774226742	addons.productaddons	INFO	downloadXHR File download. status=200
1533774226751	addons.productaddons	INFO	Downloaded file will be saved to C:\Users\CHANDR~1.GOW\AppData\Local\Temp\tmpaddon-ec9e26
1533774228882	addons.productaddons	INFO	downloadXHR File download. status=200
1533774228886	addons.productaddons	INFO	Downloaded file will be saved to C:\Users\CHANDR~1.GOW\AppData\Local\Temp\tmpaddon-210f62

Build info: version: '2.53.1', revision: 'a36b8b1cd5757287168e54b817830adce9b0158d', time: '2016-06-30 19:26:09'
System info: host: 'LAPTOP-IE1JPG9H', ip: '192.168.10.29', os.name: 'Windows 10', os.arch: 'amd64', os.version: '10.0', java.version: '1.8.0_181'
Driver info: driver.version: FirefoxDriver 
2018-08-08 20:24:03,657 ERROR [Log] My Acocunt link is not found on the Home Page 
2018-08-08 20:24:03,818 ERROR [Log] Class Utils | Method takeScreenshot | Exception occured while capturing ScreenShot : null 
2018-08-08 20:24:03,826 INFO  [Log] XXXXXXXXXXXXXXXXXXXXXXX             -E---N---D-             XXXXXXXXXXXXXXXXXXXXXX 
2018-08-08 20:24:03,826 INFO  [Log] X 
2018-08-08 20:24:03,826 INFO  [Log] X 
2018-08-08 20:24:03,826 INFO  [Log] X 
2018-08-08 20:24:03,826 INFO  [Log] X 
2018-08-08 20:29:29,435 INFO  [Log] **************************************************************************************** 
2018-08-08 20:29:29,436 INFO  [Log] **************************************************************************************** 
2018-08-08 20:29:29,436 INFO  [Log] $$$$$$$$$$$$$$$$$$$$$                 Framework_001       $$$$$$$$$$$$$$$$$$$$$$$$$ 
2018-08-08 20:29:29,436 INFO  [Log] **************************************************************************************** 
2018-08-08 20:29:29,436 INFO  [Log] **************************************************************************************** 
2018-08-08 20:29:29,977 INFO  [Log] Excel sheet opened 
2018-08-08 20:29:29,977 INFO  [Log] Total number of Row used return as < 2 >. 
2018-08-08 20:30:18,337 ERROR [Log] Class Utils | Method OpenBrowser | Exception desc : Failed to connect to binary FirefoxBinary(C:\Program Files\Mozilla Firefox\firefox.exe) on port 7055; process output follows: 
th Registry from C:\Users\Chandra.Gowlikar\AppData\Local\openvr\openvrpaths.vrpath
1533774576343	addons.xpi	DEBUG	Ignoring file entry whose name is not a valid add-on ID: C:\Users\Chandra.Gowlikar\AppData\Local\Temp\anonymous6544749697382832042webdriver-profile\extensions\webdriver-staging
1533774576344	addons.xpi	DEBUG	Existing add-on activity-stream@mozilla.org in app-system-defaults
1533774576345	addons.xpi	DEBUG	Existing add-on aushelper@mozilla.org in app-system-defaults
1533774576346	addons.xpi	DEBUG	Existing add-on firefox@getpocket.com in app-system-defaults
1533774576347	addons.xpi	DEBUG	Existing add-on followonsearch@mozilla.com in app-system-defaults
1533774576348	addons.xpi	DEBUG	Existing add-on formautofill@mozilla.org in app-system-defaults
1533774576348	addons.xpi	DEBUG	Existing add-on onboarding@mozilla.org in app-system-defaults
1533774576349	addons.xpi	DEBUG	Existing add-on screenshots@mozilla.org in app-system-defaults
1533774576350	addons.xpi	DEBUG	Existing add-on webcompat-reporter@mozilla.org in app-system-defaults
1533774576350	addons.xpi	DEBUG	Existing add-on webcompat@mozilla.org in app-system-defaults
1533774576352	addons.xpi	DEBUG	getInstallState changed: false, state: {}
JavaScript error: resource://gre/modules/addons/XPIProvider.jsm, line 2189: TypeError: addon is null
1533774607546	addons.productaddons	INFO	sending request to: https://aus5.mozilla.org/update/3/GMP/61.0.1/20180704003137/WINNT_x86_64-msvc-x64/en-US/release/Windows_NT%2010.0.0.0.17134.165%20(x64)/default/default/update.xml
1533774607925	addons.productaddons	INFO	Completed downloading document
1533774608447	addons.productaddons	INFO	downloadXHR File download. status=200
1533774608455	addons.productaddons	INFO	Downloaded file will be saved to C:\Users\CHANDR~1.GOW\AppData\Local\Temp\tmpaddon-6faadd
1533774610451	addons.productaddons	INFO	downloadXHR File download. status=200
1533774610461	addons.productaddons	INFO	Downloaded file will be saved to C:\Users\CHANDR~1.GOW\AppData\Local\Temp\tmpaddon-364c3e
1533774611698	addons.xpi	DEBUG	Calling bootstrap method shutdown on webcompat@mozilla.org version 2.0
1533774611699	addons.xpi	DEBUG	Calling bootstrap method shutdown on webcompat-reporter@mozilla.org version 1.0.0
1533774611699	addons.xpi	DEBUG	Calling bootstrap method shutdown on screenshots@mozilla.org version 32.1.0
1533774611705	addons.xpi	DEBUG	Calling bootstrap method shutdown on onboarding@mozilla.org version 1.0
1533774611707	addons.xpi	DEBUG	Calling bootstrap method shutdown on formautofill@mozilla.org version 1.0
1533774611708	addons.xpi	DEBUG	Calling bootstrap method shutdown on followonsearch@mozilla.com version 0.9.7
1533774611708	addons.xpi	DEBUG	Calling bootstrap method shutdown on firefox@getpocket.com version 1.0.5
1533774611709	addons.xpi	DEBUG	Calling bootstrap method shutdown on aushelper@mozilla.org version 2.0
1533774611709	addons.xpi	DEBUG	Calling bootstrap method shutdown on activity-stream@mozilla.org version 2018.06.29.1026-fa231556
[Parent 17940, Gecko_IOThread] WARNING: pipe error: 109: file z:/build/build/src/ipc/chromium/src/chrome/common/ipc_channel_win.cc, line 346
[Parent 17940, Gecko_IOThread] WARNING: pipe error: 109: file z:/build/build/src/ipc/chromium/src/chrome/common/ipc_channel_win.cc, line 346
1533774612066	addons.manager	DEBUG	shutdown
1533774612067	addons.manager	DEBUG	Calling shutdown blocker for XPIProvider
1533774612068	addons.xpi	DEBUG	shutdown
1533774612068	addons.xpi-utils	DEBUG	shutdown
1533774612068	addons.manager	DEBUG	Calling shutdown blocker for LightweightThemeManager
1533774612069	addons.manager	DEBUG	Calling shutdown blocker for GMPProvider
1533774612070	addons.manager	DEBUG	Calling shutdown blocker for PluginProvider
1533774612081	addons.manager	DEBUG	Async provider shutdown done
*** UTM:SVC TimerManager:registerTimer called after profile-before-change notification. Ignoring timer registration for id: telemetry_modules_ping
[GPU 15452, Chrome_Child
###!!! [Child][MessageChannel::SendAndWait] Error: Channel error: cannot send/recv


Build info: version: '2.53.1', revision: 'a36b8b1cd5757287168e54b817830adce9b0158d', time: '2016-06-30 19:26:09'
System info: host: 'LAPTOP-IE1JPG9H', ip: '192.168.10.29', os.name: 'Windows 10', os.arch: 'amd64', os.version: '10.0', java.version: '1.8.0_181'
Driver info: driver.version: FirefoxDriver 
2018-08-08 20:30:18,346 ERROR [Log] My Acocunt link is not found on the Home Page 
2018-08-08 20:30:18,420 ERROR [Log] Class Utils | Method takeScreenshot | Exception occured while capturing ScreenShot : null 
2018-08-08 20:30:18,429 INFO  [Log] XXXXXXXXXXXXXXXXXXXXXXX             -E---N---D-             XXXXXXXXXXXXXXXXXXXXXX 
2018-08-08 20:30:18,429 INFO  [Log] X 
2018-08-08 20:30:18,429 INFO  [Log] X 
2018-08-08 20:30:18,429 INFO  [Log] X 
2018-08-08 20:30:18,429 INFO  [Log] X 
2018-08-08 20:40:57,523 INFO  [Log] **************************************************************************************** 
2018-08-08 20:40:57,523 INFO  [Log] **************************************************************************************** 
2018-08-08 20:40:57,523 INFO  [Log] $$$$$$$$$$$$$$$$$$$$$                 Framework_001       $$$$$$$$$$$$$$$$$$$$$$$$$ 
2018-08-08 20:40:57,523 INFO  [Log] **************************************************************************************** 
2018-08-08 20:40:57,525 INFO  [Log] **************************************************************************************** 
2018-08-08 20:40:58,077 INFO  [Log] Excel sheet opened 
2018-08-08 20:40:58,077 INFO  [Log] Total number of Row used return as < 2 >. 
2018-08-08 20:41:04,631 INFO  [Log] New driver instantiated 
2018-08-08 20:41:05,036 INFO  [Log] Implicit wait applied on the driver for 10 seconds 
2018-08-08 20:41:05,327 ERROR [Log] Class Utils | Method OpenBrowser | Exception desc : Reached error page: about:neterror?e=dnsNotFound&u=http%3A//www.onlinestore.toolsqa.com/&c=UTF-8&f=regular&d=We%20can%E2%80%99t%20connect%20to%20the%20server%20at%20www.onlinestore.toolsqa.com.
Build info: version: '3.14.0', revision: 'aacccce0', time: '2018-08-02T20:19:58.91Z'
System info: host: 'LAPTOP-IE1JPG9H', ip: '192.168.10.29', os.name: 'Windows 10', os.arch: 'amd64', os.version: '10.0', java.version: '1.8.0_181'
Driver info: org.openqa.selenium.firefox.FirefoxDriver
Capabilities {acceptInsecureCerts: true, browserName: firefox, browserVersion: 61.0.1, javascriptEnabled: true, moz:accessibilityChecks: false, moz:headless: false, moz:processID: 1328, moz:profile: C:\Users\Chandra.Gowlikar\A..., moz:useNonSpecCompliantPointerOrigin: false, moz:webdriverClick: true, pageLoadStrategy: normal, platform: XP, platformName: XP, platformVersion: 10.0, rotatable: false, timeouts: {implicit: 0, pageLoad: 300000, script: 30000}}
Session ID: 11ed2df6-8a57-4094-903f-ebab3a720e4b 
2018-08-08 20:41:25,374 ERROR [Log] My Acocunt link is not found on the Home Page 
2018-08-08 20:41:25,572 ERROR [Log] Unable to locate element: .//*[@id='account']/a
For documentation on this error, please visit: http://seleniumhq.org/exceptions/no_such_element.html
Build info: version: '3.14.0', revision: 'aacccce0', time: '2018-08-02T20:19:58.91Z'
System info: host: 'LAPTOP-IE1JPG9H', ip: '192.168.10.29', os.name: 'Windows 10', os.arch: 'amd64', os.version: '10.0', java.version: '1.8.0_181'
Driver info: org.openqa.selenium.firefox.FirefoxDriver
Capabilities {acceptInsecureCerts: true, browserName: firefox, browserVersion: 61.0.1, javascriptEnabled: true, moz:accessibilityChecks: false, moz:headless: false, moz:processID: 1328, moz:profile: C:\Users\Chandra.Gowlikar\A..., moz:useNonSpecCompliantPointerOrigin: false, moz:webdriverClick: true, pageLoadStrategy: normal, platform: XP, platformName: XP, platformVersion: 10.0, rotatable: false, timeouts: {implicit: 0, pageLoad: 300000, script: 30000}}
Session ID: 11ed2df6-8a57-4094-903f-ebab3a720e4b
*** Element info: {Using=xpath, value=.//*[@id='account']/a} 
2018-08-08 20:41:25,575 INFO  [Log] XXXXXXXXXXXXXXXXXXXXXXX             -E---N---D-             XXXXXXXXXXXXXXXXXXXXXX 
2018-08-08 20:41:25,575 INFO  [Log] X 
2018-08-08 20:41:25,575 INFO  [Log] X 
2018-08-08 20:41:25,575 INFO  [Log] X 
2018-08-08 20:41:25,575 INFO  [Log] X 
2018-08-08 20:43:51,667 INFO  [Log] **************************************************************************************** 
2018-08-08 20:43:51,667 INFO  [Log] **************************************************************************************** 
2018-08-08 20:43:51,669 INFO  [Log] $$$$$$$$$$$$$$$$$$$$$                 Framework_001       $$$$$$$$$$$$$$$$$$$$$$$$$ 
2018-08-08 20:43:51,669 INFO  [Log] **************************************************************************************** 
2018-08-08 20:43:51,669 INFO  [Log] **************************************************************************************** 
2018-08-08 20:43:52,167 INFO  [Log] Excel sheet opened 
2018-08-08 20:43:52,168 INFO  [Log] Total number of Row used return as < 2 >. 
2018-08-08 20:43:58,240 INFO  [Log] New driver instantiated 
2018-08-08 20:43:59,254 INFO  [Log] Implicit wait applied on the driver for 10 seconds 
2018-08-08 20:44:04,402 INFO  [Log] Web application launched successfully 
2018-08-08 20:44:04,463 INFO  [Log] My Account link is found on the Home Page 
2018-08-08 20:44:08,035 INFO  [Log] Click action is perfromed on My Account link 
2018-08-08 20:44:08,070 INFO  [Log] Username text box is found on the Login Page 
2018-08-08 20:44:08,117 INFO  [Log] testuser_1 is entered in UserName text box 
2018-08-08 20:44:08,127 INFO  [Log] Password text box is found on the Login page 
2018-08-08 20:44:08,152 INFO  [Log] Test@123 is entered in Password text box 
2018-08-08 20:44:08,160 INFO  [Log] Submit button is found on the Login page 
2018-08-08 20:44:08,400 INFO  [Log] Click action is performed on Submit button 
2018-08-08 20:44:28,451 ERROR [Log] Log Out link is not found on the Home Page 
2018-08-08 20:44:28,808 ERROR [Log] Unable to locate element: #account_logout
For documentation on this error, please visit: http://seleniumhq.org/exceptions/no_such_element.html
Build info: version: '3.14.0', revision: 'aacccce0', time: '2018-08-02T20:19:58.91Z'
System info: host: 'LAPTOP-IE1JPG9H', ip: '192.168.10.29', os.name: 'Windows 10', os.arch: 'amd64', os.version: '10.0', java.version: '1.8.0_181'
Driver info: org.openqa.selenium.firefox.FirefoxDriver
Capabilities {acceptInsecureCerts: true, browserName: firefox, browserVersion: 61.0.1, javascriptEnabled: true, moz:accessibilityChecks: false, moz:headless: false, moz:processID: 1508, moz:profile: C:\Users\Chandra.Gowlikar\A..., moz:useNonSpecCompliantPointerOrigin: false, moz:webdriverClick: true, pageLoadStrategy: normal, platform: XP, platformName: XP, platformVersion: 10.0, rotatable: false, timeouts: {implicit: 0, pageLoad: 300000, script: 30000}}
Session ID: ae3173fd-e71f-4842-a72c-c0a78bfdf35b
*** Element info: {Using=id, value=account_logout} 
2018-08-08 20:44:28,813 INFO  [Log] XXXXXXXXXXXXXXXXXXXXXXX             -E---N---D-             XXXXXXXXXXXXXXXXXXXXXX 
2018-08-08 20:44:28,813 INFO  [Log] X 
2018-08-08 20:44:28,813 INFO  [Log] X 
2018-08-08 20:44:28,813 INFO  [Log] X 
2018-08-08 20:44:28,813 INFO  [Log] X 
2018-08-09 23:26:15,296 INFO  [Log] **************************************************************************************** 
2018-08-09 23:26:15,296 INFO  [Log] **************************************************************************************** 
2018-08-09 23:26:15,296 INFO  [Log] $$$$$$$$$$$$$$$$$$$$$                 Framework_001       $$$$$$$$$$$$$$$$$$$$$$$$$ 
2018-08-09 23:26:15,296 INFO  [Log] **************************************************************************************** 
2018-08-09 23:26:15,296 INFO  [Log] **************************************************************************************** 
2018-08-09 23:26:16,079 INFO  [Log] Excel sheet opened 
2018-08-09 23:26:16,079 INFO  [Log] Total number of Row used return as < 2 >. 
2018-08-09 23:26:19,038 ERROR [Log] Class Utils | Method OpenBrowser | Exception desc : Process unexpectedly closed with status 0
Build info: version: '3.14.0', revision: 'aacccce0', time: '2018-08-02T20:19:58.91Z'
System info: host: 'LAPTOP-IE1JPG9H', ip: '192.168.10.29', os.name: 'Windows 10', os.arch: 'amd64', os.version: '10.0', java.version: '1.8.0_181'
Driver info: driver.version: FirefoxDriver
remote stacktrace:  
2018-08-09 23:26:19,064 ERROR [Log] My Acocunt link is not found on the Home Page 
2018-08-09 23:26:19,148 ERROR [Log] Class Utils | Method takeScreenshot | Exception occured while capturing ScreenShot : null 
2018-08-09 23:26:19,159 INFO  [Log] XXXXXXXXXXXXXXXXXXXXXXX             -E---N---D-             XXXXXXXXXXXXXXXXXXXXXX 
2018-08-09 23:26:19,159 INFO  [Log] X 
2018-08-09 23:26:19,159 INFO  [Log] X 
2018-08-09 23:26:19,159 INFO  [Log] X 
2018-08-09 23:26:19,159 INFO  [Log] X 
2018-08-09 23:26:19,168 INFO  [Log] **************************************************************************************** 
2018-08-09 23:26:19,168 INFO  [Log] **************************************************************************************** 
2018-08-09 23:26:19,168 INFO  [Log] $$$$$$$$$$$$$$$$$$$$$                 Framework_002       $$$$$$$$$$$$$$$$$$$$$$$$$ 
2018-08-09 23:26:19,168 INFO  [Log] **************************************************************************************** 
2018-08-09 23:26:19,168 INFO  [Log] **************************************************************************************** 
2018-08-09 23:26:19,224 INFO  [Log] Excel sheet opened 
2018-08-09 23:26:19,224 INFO  [Log] Total number of Row used return as < 2 >. 
2018-08-09 23:26:30,037 ERROR [Log] Class Utils | Method OpenBrowser | Exception desc : Process unexpectedly closed with status -2147483645
Build info: version: '3.14.0', revision: 'aacccce0', time: '2018-08-02T20:19:58.91Z'
System info: host: 'LAPTOP-IE1JPG9H', ip: '192.168.10.29', os.name: 'Windows 10', os.arch: 'amd64', os.version: '10.0', java.version: '1.8.0_181'
Driver info: driver.version: FirefoxDriver
remote stacktrace:  
2018-08-09 23:26:30,040 ERROR [Log] My Acocunt link is not found on the Home Page 
2018-08-09 23:26:30,078 ERROR [Log] Class Utils | Method takeScreenshot | Exception occured while capturing ScreenShot : null 
2018-08-09 23:26:30,080 INFO  [Log] XXXXXXXXXXXXXXXXXXXXXXX             -E---N---D-             XXXXXXXXXXXXXXXXXXXXXX 
2018-08-09 23:26:30,080 INFO  [Log] X 
2018-08-09 23:26:30,080 INFO  [Log] X 
2018-08-09 23:26:30,080 INFO  [Log] X 
2018-08-09 23:26:30,080 INFO  [Log] X 
2018-08-09 23:27:01,589 INFO  [Log] **************************************************************************************** 
2018-08-09 23:27:01,589 INFO  [Log] **************************************************************************************** 
2018-08-09 23:27:01,589 INFO  [Log] $$$$$$$$$$$$$$$$$$$$$                 Framework_001       $$$$$$$$$$$$$$$$$$$$$$$$$ 
2018-08-09 23:27:01,589 INFO  [Log] **************************************************************************************** 
2018-08-09 23:27:01,589 INFO  [Log] **************************************************************************************** 
2018-08-09 23:27:02,135 INFO  [Log] Excel sheet opened 
2018-08-09 23:27:02,135 INFO  [Log] Total number of Row used return as < 2 >. 
2018-08-09 23:27:08,170 INFO  [Log] New driver instantiated 
2018-08-09 23:27:08,207 INFO  [Log] Implicit wait applied on the driver for 10 seconds 
2018-08-09 23:27:14,818 INFO  [Log] Web application launched successfully 
2018-08-09 23:27:14,867 INFO  [Log] My Account link is found on the Home Page 
2018-08-09 23:27:16,640 INFO  [Log] Click action is perfromed on My Account link 
2018-08-09 23:27:16,649 INFO  [Log] Username text box is found on the Login Page 
2018-08-09 23:27:16,685 INFO  [Log] testuser_1 is entered in UserName text box 
2018-08-09 23:27:16,695 INFO  [Log] Password text box is found on the Login page 
2018-08-09 23:27:16,715 INFO  [Log] Test@123 is entered in Password text box 
2018-08-09 23:27:16,726 INFO  [Log] Submit button is found on the Login page 
2018-08-09 23:27:16,960 INFO  [Log] Click action is performed on Submit button 
2018-08-09 23:27:36,756 ERROR [Log] Log Out link is not found on the Home Page 
2018-08-09 23:27:38,594 ERROR [Log] Class Utils | Method takeScreenshot | Exception occured while capturing ScreenShot : Failed to decode response from marionette
Build info: version: '3.14.0', revision: 'aacccce0', time: '2018-08-02T20:19:58.91Z'
System info: host: 'LAPTOP-IE1JPG9H', ip: '192.168.10.29', os.name: 'Windows 10', os.arch: 'amd64', os.version: '10.0', java.version: '1.8.0_181'
Driver info: org.openqa.selenium.firefox.FirefoxDriver
Capabilities {acceptInsecureCerts: true, browserName: firefox, browserVersion: 61.0.2, javascriptEnabled: true, moz:accessibilityChecks: false, moz:headless: false, moz:processID: 6516, moz:profile: C:\Users\Chandra.Gowlikar\A..., moz:useNonSpecCompliantPointerOrigin: false, moz:webdriverClick: true, pageLoadStrategy: normal, platform: XP, platformName: XP, platformVersion: 10.0, rotatable: false, timeouts: {implicit: 0, pageLoad: 300000, script: 30000}}
Session ID: 16241bea-689e-4f55-9de2-c9704ff5b62a 
2018-08-09 23:27:38,601 INFO  [Log] XXXXXXXXXXXXXXXXXXXXXXX             -E---N---D-             XXXXXXXXXXXXXXXXXXXXXX 
2018-08-09 23:27:38,601 INFO  [Log] X 
2018-08-09 23:27:38,601 INFO  [Log] X 
2018-08-09 23:27:38,601 INFO  [Log] X 
2018-08-09 23:27:38,601 INFO  [Log] X 
2018-08-09 23:27:38,642 INFO  [Log] **************************************************************************************** 
2018-08-09 23:27:38,642 INFO  [Log] **************************************************************************************** 
2018-08-09 23:27:38,642 INFO  [Log] $$$$$$$$$$$$$$$$$$$$$                 Framework_002       $$$$$$$$$$$$$$$$$$$$$$$$$ 
2018-08-09 23:27:38,642 INFO  [Log] **************************************************************************************** 
2018-08-09 23:27:38,642 INFO  [Log] **************************************************************************************** 
2018-08-09 23:27:38,682 INFO  [Log] Excel sheet opened 
2018-08-09 23:27:38,682 INFO  [Log] Total number of Row used return as < 2 >. 
2018-08-09 23:27:43,896 INFO  [Log] New driver instantiated 
2018-08-09 23:27:44,113 INFO  [Log] Implicit wait applied on the driver for 10 seconds 
2018-08-09 23:27:50,099 INFO  [Log] Web application launched successfully 
2018-08-09 23:27:50,122 INFO  [Log] My Account link is found on the Home Page 
2018-08-09 23:27:50,559 INFO  [Log] Click action is perfromed on My Account link 
2018-08-09 23:27:50,571 ERROR [Log] UserName text box is not found on the Login Page 
2018-08-09 23:27:52,430 ERROR [Log] Class Utils | Method takeScreenshot | Exception occured while capturing ScreenShot : Failed to decode response from marionette
Build info: version: '3.14.0', revision: 'aacccce0', time: '2018-08-02T20:19:58.91Z'
System info: host: 'LAPTOP-IE1JPG9H', ip: '192.168.10.29', os.name: 'Windows 10', os.arch: 'amd64', os.version: '10.0', java.version: '1.8.0_181'
Driver info: org.openqa.selenium.firefox.FirefoxDriver
Capabilities {acceptInsecureCerts: true, browserName: firefox, browserVersion: 61.0.2, javascriptEnabled: true, moz:accessibilityChecks: false, moz:headless: false, moz:processID: 3192, moz:profile: C:\Users\Chandra.Gowlikar\A..., moz:useNonSpecCompliantPointerOrigin: false, moz:webdriverClick: true, pageLoadStrategy: normal, platform: XP, platformName: XP, platformVersion: 10.0, rotatable: false, timeouts: {implicit: 0, pageLoad: 300000, script: 30000}}
Session ID: 92818875-c691-44fb-926e-de73f89bc2eb 
2018-08-09 23:27:52,432 INFO  [Log] XXXXXXXXXXXXXXXXXXXXXXX             -E---N---D-             XXXXXXXXXXXXXXXXXXXXXX 
2018-08-09 23:27:52,432 INFO  [Log] X 
2018-08-09 23:27:52,433 INFO  [Log] X 
2018-08-09 23:27:52,433 INFO  [Log] X 
2018-08-09 23:27:52,433 INFO  [Log] X 
2018-08-09 23:28:13,540 INFO  [Log] **************************************************************************************** 
2018-08-09 23:28:13,540 INFO  [Log] **************************************************************************************** 
2018-08-09 23:28:13,541 INFO  [Log] $$$$$$$$$$$$$$$$$$$$$                 Framework_001       $$$$$$$$$$$$$$$$$$$$$$$$$ 
2018-08-09 23:28:13,541 INFO  [Log] **************************************************************************************** 
2018-08-09 23:28:13,541 INFO  [Log] **************************************************************************************** 
2018-08-09 23:28:14,106 INFO  [Log] Excel sheet opened 
2018-08-09 23:28:14,107 INFO  [Log] Total number of Row used return as < 2 >. 
2018-08-09 23:28:19,639 INFO  [Log] New driver instantiated 
2018-08-09 23:28:19,658 INFO  [Log] Implicit wait applied on the driver for 10 seconds 
2018-08-09 23:28:26,152 INFO  [Log] Web application launched successfully 
2018-08-09 23:28:26,180 INFO  [Log] My Account link is found on the Home Page 
2018-08-09 23:28:27,804 INFO  [Log] Click action is perfromed on My Account link 
2018-08-09 23:28:27,815 INFO  [Log] Username text box is found on the Login Page 
2018-08-09 23:28:27,851 INFO  [Log] testuser_1 is entered in UserName text box 
2018-08-09 23:28:27,862 INFO  [Log] Password text box is found on the Login page 
2018-08-09 23:28:27,889 INFO  [Log] Test@123 is entered in Password text box 
2018-08-09 23:28:27,898 INFO  [Log] Submit button is found on the Login page 
2018-08-09 23:28:28,134 INFO  [Log] Click action is performed on Submit button 
2018-08-09 23:28:33,514 ERROR [Log] Log Out link is not found on the Home Page 
2018-08-09 23:28:35,162 ERROR [Log] Class Utils | Method takeScreenshot | Exception occured while capturing ScreenShot : Failed to decode response from marionette
Build info: version: '3.14.0', revision: 'aacccce0', time: '2018-08-02T20:19:58.91Z'
System info: host: 'LAPTOP-IE1JPG9H', ip: '192.168.10.29', os.name: 'Windows 10', os.arch: 'amd64', os.version: '10.0', java.version: '1.8.0_181'
Driver info: org.openqa.selenium.firefox.FirefoxDriver
Capabilities {acceptInsecureCerts: true, browserName: firefox, browserVersion: 61.0.2, javascriptEnabled: true, moz:accessibilityChecks: false, moz:headless: false, moz:processID: 9692, moz:profile: C:\Users\Chandra.Gowlikar\A..., moz:useNonSpecCompliantPointerOrigin: false, moz:webdriverClick: true, pageLoadStrategy: normal, platform: XP, platformName: XP, platformVersion: 10.0, rotatable: false, timeouts: {implicit: 0, pageLoad: 300000, script: 30000}}
Session ID: e1dadb01-e1b2-4bad-89d4-bdf1e413b8fb 
2018-08-09 23:28:35,168 INFO  [Log] XXXXXXXXXXXXXXXXXXXXXXX             -E---N---D-             XXXXXXXXXXXXXXXXXXXXXX 
2018-08-09 23:28:35,168 INFO  [Log] X 
2018-08-09 23:28:35,168 INFO  [Log] X 
2018-08-09 23:28:35,168 INFO  [Log] X 
2018-08-09 23:28:35,168 INFO  [Log] X 
2018-08-09 23:28:35,180 INFO  [Log] **************************************************************************************** 
2018-08-09 23:28:35,180 INFO  [Log] **************************************************************************************** 
2018-08-09 23:28:35,180 INFO  [Log] $$$$$$$$$$$$$$$$$$$$$                 Framework_002       $$$$$$$$$$$$$$$$$$$$$$$$$ 
2018-08-09 23:28:35,180 INFO  [Log] **************************************************************************************** 
2018-08-09 23:28:35,180 INFO  [Log] **************************************************************************************** 
2018-08-09 23:28:35,222 INFO  [Log] Excel sheet opened 
2018-08-09 23:28:35,222 INFO  [Log] Total number of Row used return as < 2 >. 
2018-08-09 23:28:40,252 INFO  [Log] New driver instantiated 
2018-08-09 23:28:40,655 INFO  [Log] Implicit wait applied on the driver for 10 seconds 
2018-08-09 23:28:45,360 INFO  [Log] Web application launched successfully 
2018-08-09 23:28:45,374 INFO  [Log] My Account link is found on the Home Page 
2018-08-09 23:28:47,507 INFO  [Log] Click action is perfromed on My Account link 
2018-08-09 23:28:47,526 INFO  [Log] Username text box is found on the Login Page 
2018-08-09 23:28:47,568 INFO  [Log] testuser_1 is entered in UserName text box 
2018-08-09 23:28:47,581 INFO  [Log] Password text box is found on the Login page 
2018-08-09 23:28:47,604 INFO  [Log] Test@123 is entered in Password text box 
2018-08-09 23:28:47,614 INFO  [Log] Submit button is found on the Login page 
2018-08-09 23:28:47,917 INFO  [Log] Click action is performed on Submit button 
2018-08-09 23:28:50,454 ERROR [Log] Log Out link is not found on the Home Page 
2018-08-09 23:28:52,153 ERROR [Log] Class Utils | Method takeScreenshot | Exception occured while capturing ScreenShot : Failed to decode response from marionette
Build info: version: '3.14.0', revision: 'aacccce0', time: '2018-08-02T20:19:58.91Z'
System info: host: 'LAPTOP-IE1JPG9H', ip: '192.168.10.29', os.name: 'Windows 10', os.arch: 'amd64', os.version: '10.0', java.version: '1.8.0_181'
Driver info: org.openqa.selenium.firefox.FirefoxDriver
Capabilities {acceptInsecureCerts: true, browserName: firefox, browserVersion: 61.0.2, javascriptEnabled: true, moz:accessibilityChecks: false, moz:headless: false, moz:processID: 10124, moz:profile: C:\Users\Chandra.Gowlikar\A..., moz:useNonSpecCompliantPointerOrigin: false, moz:webdriverClick: true, pageLoadStrategy: normal, platform: XP, platformName: XP, platformVersion: 10.0, rotatable: false, timeouts: {implicit: 0, pageLoad: 300000, script: 30000}}
Session ID: 81d56f5e-13a9-4350-8552-afc73c0d29c8 
2018-08-09 23:28:52,154 INFO  [Log] XXXXXXXXXXXXXXXXXXXXXXX             -E---N---D-             XXXXXXXXXXXXXXXXXXXXXX 
2018-08-09 23:28:52,154 INFO  [Log] X 
2018-08-09 23:28:52,154 INFO  [Log] X 
2018-08-09 23:28:52,155 INFO  [Log] X 
2018-08-09 23:28:52,155 INFO  [Log] X 
